2025-07-27T00:53:05.560+02:00  INFO 3084 --- [video-browser-app] [SpringApplicationShutdownHook] o.s.b.w.e.tomcat.GracefulShutdown        : Commencing graceful shutdown. Waiting for active requests to complete
2025-07-27T00:53:05.598+02:00  INFO 3084 --- [video-browser-app] [tomcat-shutdown] o.s.b.w.e.tomcat.GracefulShutdown        : Graceful shutdown complete
2025-07-27T00:53:05.611+02:00  INFO 3084 --- [video-browser-app] [SpringApplicationShutdownHook] j.LocalContainerEntityManagerFactoryBean : Closing JPA EntityManagerFactory for persistence unit 'default'
2025-07-27T00:53:05.627+02:00  INFO 3084 --- [video-browser-app] [SpringApplicationShutdownHook] com.zaxxer.hikari.HikariDataSource       : HikariPool-1 - Shutdown initiated...
2025-07-27T00:53:05.631+02:00  INFO 3084 --- [video-browser-app] [SpringApplicationShutdownHook] com.zaxxer.hikari.HikariDataSource       : HikariPool-1 - Shutdown completed.
2025-07-27T00:53:10.576+02:00  INFO 22344 --- [video-browser-app] [main] d.z.v.b.app.VideoBrowserAppApplication   : Starting VideoBrowserAppApplication using Java 22.0.2 with PID 22344 (C:\Users\Sebastian\IdeaProjects\video-browser-app\target\classes started by Sebastian in C:\Users\Sebastian\IdeaProjects\video-browser-app)
2025-07-27T00:53:10.579+02:00  INFO 22344 --- [video-browser-app] [main] d.z.v.b.app.VideoBrowserAppApplication   : No active profile set, falling back to 1 default profile: "default"
2025-07-27T00:53:11.533+02:00  INFO 22344 --- [video-browser-app] [main] .s.d.r.c.RepositoryConfigurationDelegate : Bootstrapping Spring Data JPA repositories in DEFAULT mode.
2025-07-27T00:53:11.611+02:00  INFO 22344 --- [video-browser-app] [main] .s.d.r.c.RepositoryConfigurationDelegate : Finished Spring Data repository scanning in 66 ms. Found 1 JPA repository interface.
2025-07-27T00:53:12.216+02:00  INFO 22344 --- [video-browser-app] [main] o.s.b.w.embedded.tomcat.TomcatWebServer  : Tomcat initialized with port 8080 (http)
2025-07-27T00:53:12.236+02:00  INFO 22344 --- [video-browser-app] [main] o.apache.catalina.core.StandardService   : Starting service [Tomcat]
2025-07-27T00:53:12.236+02:00  INFO 22344 --- [video-browser-app] [main] o.apache.catalina.core.StandardEngine    : Starting Servlet engine: [Apache Tomcat/10.1.42]
2025-07-27T00:53:12.310+02:00  INFO 22344 --- [video-browser-app] [main] o.a.c.c.C.[Tomcat].[localhost].[/]       : Initializing Spring embedded WebApplicationContext
2025-07-27T00:53:12.311+02:00  INFO 22344 --- [video-browser-app] [main] w.s.c.ServletWebServerApplicationContext : Root WebApplicationContext: initialization completed in 1665 ms
2025-07-27T00:53:12.523+02:00  INFO 22344 --- [video-browser-app] [main] o.hibernate.jpa.internal.util.LogHelper  : HHH000204: Processing PersistenceUnitInfo [name: default]
2025-07-27T00:53:12.620+02:00  INFO 22344 --- [video-browser-app] [main] org.hibernate.Version                    : HHH000412: Hibernate ORM core version 6.6.18.Final
2025-07-27T00:53:12.673+02:00  INFO 22344 --- [video-browser-app] [main] o.h.c.internal.RegionFactoryInitiator    : HHH000026: Second-level cache disabled
2025-07-27T00:53:13.101+02:00  INFO 22344 --- [video-browser-app] [main] o.s.o.j.p.SpringPersistenceUnitInfo      : No LoadTimeWeaver setup: ignoring JPA class transformer
2025-07-27T00:53:13.146+02:00  INFO 22344 --- [video-browser-app] [main] com.zaxxer.hikari.HikariDataSource       : HikariPool-1 - Starting...
2025-07-27T00:53:13.404+02:00  INFO 22344 --- [video-browser-app] [main] com.zaxxer.hikari.pool.HikariPool        : HikariPool-1 - Added connection org.postgresql.jdbc.PgConnection@71f0806b
2025-07-27T00:53:13.406+02:00  INFO 22344 --- [video-browser-app] [main] com.zaxxer.hikari.HikariDataSource       : HikariPool-1 - Start completed.
2025-07-27T00:53:13.503+02:00  INFO 22344 --- [video-browser-app] [main] org.hibernate.orm.connections.pooling    : HHH10001005: Database info:
	Database JDBC URL [Connecting through datasource 'HikariDataSource (HikariPool-1)']
	Database driver: undefined/unknown
	Database version: 16.3
	Autocommit mode: undefined/unknown
	Isolation level: undefined/unknown
	Minimum pool size: undefined/unknown
	Maximum pool size: undefined/unknown
2025-07-27T00:53:14.669+02:00  INFO 22344 --- [video-browser-app] [main] o.h.e.t.j.p.i.JtaPlatformInitiator       : HHH000489: No JTA platform available (set 'hibernate.transaction.jta.platform' to enable JTA platform integration)
2025-07-27T00:53:14.884+02:00  INFO 22344 --- [video-browser-app] [main] j.LocalContainerEntityManagerFactoryBean : Initialized JPA EntityManagerFactory for persistence unit 'default'
2025-07-27T00:53:15.158+02:00  INFO 22344 --- [video-browser-app] [main] o.s.d.j.r.query.QueryEnhancerFactory     : Hibernate is in classpath; If applicable, HQL parser will be used.
2025-07-27T00:53:16.204+02:00  INFO 22344 --- [video-browser-app] [main] o.s.b.a.w.s.WelcomePageHandlerMapping    : Adding welcome page: class path resource [static/index.html]
2025-07-27T00:53:16.595+02:00  INFO 22344 --- [video-browser-app] [main] o.s.b.w.embedded.tomcat.TomcatWebServer  : Tomcat started on port 8080 (http) with context path '/'
2025-07-27T00:53:16.604+02:00  INFO 22344 --- [video-browser-app] [main] d.z.v.b.app.VideoBrowserAppApplication   : Started VideoBrowserAppApplication in 7.208 seconds (process running for 8.518)
2025-07-27T02:48:25.718+02:00  INFO 22344 --- [video-browser-app] [SpringApplicationShutdownHook] o.s.b.w.e.tomcat.GracefulShutdown        : Commencing graceful shutdown. Waiting for active requests to complete
2025-07-27T02:48:25.726+02:00  INFO 22344 --- [video-browser-app] [tomcat-shutdown] o.s.b.w.e.tomcat.GracefulShutdown        : Graceful shutdown complete
2025-07-27T02:48:25.732+02:00  INFO 22344 --- [video-browser-app] [SpringApplicationShutdownHook] j.LocalContainerEntityManagerFactoryBean : Closing JPA EntityManagerFactory for persistence unit 'default'
2025-07-27T02:48:25.736+02:00  INFO 22344 --- [video-browser-app] [SpringApplicationShutdownHook] com.zaxxer.hikari.HikariDataSource       : HikariPool-1 - Shutdown initiated...
2025-07-27T02:48:25.738+02:00  INFO 22344 --- [video-browser-app] [SpringApplicationShutdownHook] com.zaxxer.hikari.HikariDataSource       : HikariPool-1 - Shutdown completed.
